<Config {'DEBUG': False, 'TESTING': False, 'PROPAGATE_EXCEPTIONS': None, 'SECRET_KEY': None, 'PERMANENT_SESSION_LIFETIME': datetime.timedelta(days=31), 'USE_X_SENDFILE': False, 'SERVER_NAME': None, 'APPLICATION_ROOT': '/', 'SESSION_COOKIE_NAME': 'session', 'SESSION_COOKIE_DOMAIN': None, 'SESSION_COOKIE_PATH': None, 'SESSION_COOKIE_HTTPONLY': True, 'SESSION_COOKIE_SECURE': False, 'SESSION_COOKIE_SAMESITE': None, 'SESSION_REFRESH_EACH_REQUEST': True, 'MAX_CONTENT_LENGTH': None, 'SEND_FILE_MAX_AGE_DEFAULT': None, 'TRAP_BAD_REQUEST_ERRORS': None, 'TRAP_HTTP_EXCEPTIONS': False, 'EXPLAIN_TEMPLATE_LOADING': False, 'PREFERRED_URL_SCHEME': 'http', 'TEMPLATES_AUTO_RELOAD': None, 'MAX_COOKIE_SIZE': 4093, 'AREA_LIST': [], 'BACKEND_URL': 'http://101.43.254.115:10115', 'LATITUDE': 0, 'LONGITUDE': 0, 'MONITOR_ID': -1, 'TOKEN': None, 'TYPE_LIST': []}>
 * Serving Flask app '__init__'
 * Debug mode: off
[31m[1mWARNING: This is a development server. Do not use it in a production deployment. Use a production WSGI server instead.[0m
 * Running on all addresses (0.0.0.0)
 * Running on http://127.0.0.1:6006
 * Running on http://172.17.0.4:6006
[33mPress CTRL+C to quit[0m
[rtmp @ 0x7f20140023c0] Server error: No such stream
ffmpeg version 4.2.2 Copyright (c) 2000-2019 the FFmpeg developers
  built with gcc 7.3.0 (crosstool-NG 1.23.0.449-a04d0)
  configuration: --prefix=/root/miniconda3 --cc=/tmp/build/80754af9/ffmpeg_1587154242452/_build_env/bin/x86_64-conda_cos6-linux-gnu-cc --disable-doc --enable-avresample --enable-gmp --enable-hardcoded-tables --enable-libfreetype --enable-libvpx --enable-pthreads --enable-libopus --enable-postproc --enable-pic --enable-pthreads --enable-shared --enable-static --enable-version3 --enable-zlib --enable-libmp3lame --disable-nonfree --enable-gpl --enable-gnutls --disable-openssl --enable-libopenh264 --enable-libx264
  libavutil      56. 31.100 / 56. 31.100
  libavcodec     58. 54.100 / 58. 54.100
  libavformat    58. 29.100 / 58. 29.100
  libavdevice    58.  8.100 / 58.  8.100
  libavfilter     7. 57.100 /  7. 57.100
  libavresample   4.  0.  0 /  4.  0.  0
  libswscale      5.  5.100 /  5.  5.100
  libswresample   3.  5.100 /  3.  5.100
  libpostproc    55.  5.100 / 55.  5.100
[10/22/2023-07:00:10] [TRT] [I] Loaded engine size: 9 MiB
[10/22/2023-07:00:10] [TRT] [I] [MemUsageChange] TensorRT-managed allocation in engine deserialization: CPU +0, GPU +6, now: CPU 0, GPU 6 (MiB)
[10/22/2023-07:00:10] [TRT] [I] [MemUsageChange] TensorRT-managed allocation in IExecutionContext creation: CPU +0, GPU +11, now: CPU 0, GPU 17 (MiB)
[10/22/2023-07:00:10] [TRT] [I] The logger passed into createInferRuntime differs from one already provided for an existing builder, runtime, or refitter. Uses of the global logger, returned by nvinfer1::getLogger(), will return the existing value.
[10/22/2023-07:00:10] [TRT] [I] Loaded engine size: 8 MiB
[10/22/2023-07:00:10] [TRT] [I] [MemUsageChange] TensorRT-managed allocation in engine deserialization: CPU +0, GPU +6, now: CPU 0, GPU 23 (MiB)
[10/22/2023-07:00:10] [TRT] [I] [MemUsageChange] TensorRT-managed allocation in IExecutionContext creation: CPU +1, GPU +10, now: CPU 1, GPU 33 (MiB)
[rtmp @ 0x7f2015bf2700] Server error: No such stream
[rtmp @ 0x7f20165ce140] Server error: No such stream
[rtmp @ 0x7f20165cfe80] Server error: No such stream
[rtmp @ 0x7f20165d0d00] Server error: No such stream
[rtmp @ 0x7f20165d1cc0] Server error: No such stream
[rtmp @ 0x7f20165d2740] Server error: No such stream
[rtmp @ 0x7f20165d3280] Server error: No such stream
[rtmp @ 0x7f20165cdd00] Server error: No such stream
[rtmp @ 0x7f20165cfac0] Server error: No such stream
[rtmp @ 0x7f20165cfc40] Server error: No such stream
[rtmp @ 0x7f20165cdf40] Server error: No such stream
[rtmp @ 0x7f20165d0740] Server error: No such stream
[rtmp @ 0x7f20165d2fc0] Server error: No such stream
[rtmp @ 0x7f20165cfc40] Server error: No such stream
[rtmp @ 0x7f20165d0740] Server error: No such stream
[rtmp @ 0x7f20165d1a40] Server error: No such stream
[rtmp @ 0x7f20165d2640] Server error: No such stream
[rtmp @ 0x7f20165cfa40] Server error: No such stream
[rtmp @ 0x7f20165d0740] Server error: No such stream
[rtmp @ 0x7f20165d2640] Server error: No such stream
[rtmp @ 0x7f20165cfc40] Server error: No such stream
[rtmp @ 0x7f20165cfc40] Server error: No such stream
[rtmp @ 0x7f20165d2f00] Server error: No such stream
[rtmp @ 0x7f20165d2f00] Server error: No such stream
[rtmp @ 0x7f20165d2dc0] Server error: No such stream
[rtmp @ 0x7f20165cfc40] Server error: No such stream
[rtmp @ 0x7f20165d43c0] Server error: No such stream
[rtmp @ 0x7f20165d40c0] Server error: No such stream
[rtmp @ 0x7f20165d1b00] Server error: No such stream
[rtmp @ 0x7f20165d0740] Server error: No such stream
[rtmp @ 0x7f20165d2fc0] Server error: No such stream
[rtmp @ 0x7f20165cfc40] Server error: No such stream
[rtmp @ 0x7f20165d0740] Server error: No such stream
[rtmp @ 0x7f20165d0740] Server error: No such stream
[rtmp @ 0x7f20165d4a80] Server error: No such stream
[rtmp @ 0x7f20165cfa40] Server error: No such stream
[rtmp @ 0x7f20165cfc40] Server error: No such stream
[rtmp @ 0x7f20165d3780] Server error: No such stream
[rtmp @ 0x7f20165d3780] Server error: No such stream
[rtmp @ 0x7f20165cdd00] Server error: No such stream
[rtmp @ 0x7f20165d0740] Server error: No such stream
[rtmp @ 0x7f20165d4300] Server error: No such stream
[rtmp @ 0x7f20165d44c0] Server error: No such stream
[rtmp @ 0x7f20165d4640] Server error: No such stream
[rtmp @ 0x7f20165d4900] Server error: No such stream
[rtmp @ 0x7f20165d44c0] Server error: No such stream
[rtmp @ 0x7f20165d4480] Server error: No such stream
[rtmp @ 0x7f20165cdd00] Server error: No such stream
[rtmp @ 0x7f20165d4740] Server error: No such stream
[rtmp @ 0x7f20165d4400] Server error: No such stream
[rtmp @ 0x7f20165d4b40] Server error: No such stream
[rtmp @ 0x7f20165cfc40] Server error: No such stream
[rtmp @ 0x7f20165d4d00] Server error: No such stream
[rtmp @ 0x7f20165d4e80] Server error: No such stream
[rtmp @ 0x7f20165d4a40] Server error: No such stream
[rtmp @ 0x7f20165d4bc0] Server error: No such stream
[rtmp @ 0x7f20165d4300] Server error: No such stream
[rtmp @ 0x7f20165d2dc0] Server error: No such stream
[rtmp @ 0x7f20165d4ec0] Server error: No such stream
[rtmp @ 0x7f20165d2dc0] Server error: No such stream
[rtmp @ 0x7f20165d5380] Server error: No such stream
[rtmp @ 0x7f20165d4ec0] Server error: No such stream
[rtmp @ 0x7f20165cdd00] Server error: No such stream
[rtmp @ 0x7f20165cfc40] Server error: No such stream
[rtmp @ 0x7f20165cfc40] Server error: No such stream
[rtmp @ 0x7f20165cfc40] Server error: No such stream
[rtmp @ 0x7f20165cfc40] Server error: No such stream
[rtmp @ 0x7f20165d2f40] Server error: No such stream
[rtmp @ 0x7f20165cfc40] Server error: No such stream
[rtmp @ 0x7f20165cdd00] Server error: No such stream
[rtmp @ 0x7f20165d5640] Server error: No such stream
[rtmp @ 0x7f20165d4b40] Server error: No such stream
[rtmp @ 0x7f20165cfc40] Server error: No such stream
[rtmp @ 0x7f20165d5440] Server error: No such stream
[rtmp @ 0x7f20165cfc40] Server error: No such stream
[rtmp @ 0x7f20165d2dc0] Server error: No such stream
[rtmp @ 0x7f20165d4e80] Server error: No such stream
[rtmp @ 0x7f20165cfc40] Server error: No such stream
[rtmp @ 0x7f20165cdd00] Server error: No such stream
[rtmp @ 0x7f20165d2f40] Server error: No such stream
[rtmp @ 0x7f20165d5380] Server error: No such stream
[rtmp @ 0x7f20165cfc40] Server error: No such stream
[rtmp @ 0x7f20165d4640] Server error: No such stream
[rtmp @ 0x7f20165cfc40] Server error: No such stream
[rtmp @ 0x7f20165d4800] Server error: No such stream
[rtmp @ 0x7f20165cdd00] Server error: No such stream
[rtmp @ 0x7f20165cfc40] Server error: No such stream
[rtmp @ 0x7f20165d4540] Server error: No such stream
[rtmp @ 0x7f20165cfc40] Server error: No such stream
[rtmp @ 0x7f20165d47c0] Server error: No such stream
[rtmp @ 0x7f20165cfc40] Server error: No such stream
[rtmp @ 0x7f20165d2c00] Server error: No such stream
[rtmp @ 0x7f20165cfc40] Server error: No such stream
[rtmp @ 0x7f20165d2dc0] Server error: No such stream
[rtmp @ 0x7f20165d5c80] Server error: No such stream
[rtmp @ 0x7f20165d2c00] Server error: No such stream
[rtmp @ 0x7f20165d5ac0] Server error: No such stream
[rtmp @ 0x7f20165cfc40] Server error: No such stream
[rtmp @ 0x7f20165d5540] Server error: No such stream
[rtmp @ 0x7f20165cfc40] Server error: No such stream
[rtmp @ 0x7f20165cfc40] Server error: No such stream
[rtmp @ 0x7f20165cfc40] Server error: No such stream
[rtmp @ 0x7f20165d5c80] Server error: No such stream
[rtmp @ 0x7f20165d4480] Server error: No such stream
[rtmp @ 0x7f20165d4480] Server error: No such stream
[rtmp @ 0x7f20165d5540] Server error: No such stream
[rtmp @ 0x7f20165cfc40] Server error: No such stream
[rtmp @ 0x7f20165d5ac0] Server error: No such stream
[rtmp @ 0x7f20165d4480] Server error: No such stream
[rtmp @ 0x7f20165d5500] Server error: No such stream
[rtmp @ 0x7f20165d4480] Server error: No such stream
[rtmp @ 0x7f20165cfc40] Server error: No such stream
[rtmp @ 0x7f20165d5c80] Server error: No such stream
[rtmp @ 0x7f20165d4b40] Server error: No such stream
[rtmp @ 0x7f20165d5540] Server error: No such stream
[rtmp @ 0x7f20165d67c0] Server error: No such stream
[rtmp @ 0x7f20165d5c80] Server error: No such stream
[rtmp @ 0x7f20165cdd00] Server error: No such stream
[rtmp @ 0x7f20165cfc40] Server error: No such stream
[rtmp @ 0x7f20165d4b40] Server error: No such stream
[rtmp @ 0x7f20165d4d00] Server error: No such stream
[rtmp @ 0x7f20165d5540] Server error: No such stream
[rtmp @ 0x7f20165d4e80] Server error: No such stream
[rtmp @ 0x7f20165d4e80] Server error: No such stream
[rtmp @ 0x7f20165d5500] Server error: No such stream
[rtmp @ 0x7f20165d5c80] Server error: No such stream
[rtmp @ 0x7f20165d5c40] Server error: No such stream
[rtmp @ 0x7f20165cfc40] Server error: No such stream
[rtmp @ 0x7f20165cfc40] Server error: No such stream
[rtmp @ 0x7f20165d5380] Server error: No such stream
[rtmp @ 0x7f20165cfc40] Server error: No such stream
[rtmp @ 0x7f20165d5600] Server error: No such stream
[rtmp @ 0x7f20165d5580] Server error: No such stream
Input #0, rawvideo, from 'pipe:':
  Duration: N/A, bitrate: 184320 kb/s
    Stream #0:0: Video: rawvideo (BGR[24] / 0x18524742), bgr24, 640x480, 184320 kb/s, 25 tbr, 25 tbn, 25 tbc
Stream mapping:
  Stream #0:0 -> #0:0 (rawvideo (native) -> h264 (libx264))
[libx264 @ 0x560381053ec0] using cpu capabilities: MMX2 SSE2Fast SSSE3 SSE4.2 AVX FMA3 BMI2 AVX2 AVX512
[libx264 @ 0x560381053ec0] profile Constrained Baseline, level 1.3, 4:2:0, 8-bit
[libx264 @ 0x560381053ec0] 264 - core 157 - H.264/MPEG-4 AVC codec - Copyleft 2003-2018 - http://www.videolan.org/x264.html - options: cabac=0 ref=1 deblock=0:0:0 analyse=0:0 me=dia subme=0 psy=1 psy_rd=1.00:0.00 mixed_ref=0 me_range=16 chroma_me=1 trellis=0 8x8dct=0 cqm=0 deadzone=21,11 fast_pskip=1 chroma_qp_offset=0 threads=4 lookahead_threads=4 sliced_threads=1 slices=4 nr=0 decimate=1 interlaced=0 bluray_compat=0 constrained_intra=0 bframes=0 weightp=0 keyint=250 keyint_min=25 scenecut=0 intra_refresh=0 rc=crf mbtree=0 crf=23.0 qcomp=0.60 qpmin=0 qpmax=69 qpstep=4 ip_ratio=1.40 aq=0
Output #0, flv, to 'rtmp://putstream.silentdragon.pro/live/test2?txSecret=b55013268a5cb36df375847459236a5a&txTime=677402C4':
  Metadata:
    encoder         : Lavf58.29.100
    Stream #0:0: Video: h264 (libx264) ([7][0][0][0] / 0x0007), yuv420p, 328x246, q=-1--1, 25 fps, 1k tbn, 25 tbc
    Metadata:
      encoder         : Lavc58.54.100 libx264
    Side data:
      cpb: bitrate max/min/avg: 0/0/0 buffer size: 0 vbv_delay: -1
[flv @ 0x560381052480] Failed to update header with correct duration.
[flv @ 0x560381052480] Failed to update header with correct filesize.
frame=    0 fps=0.0 q=0.0 Lsize=       0kB time=00:00:00.00 bitrate=N/A speed=   0x    
video:0kB audio:0kB subtitle:0kB other streams:0kB global headers:0kB muxing overhead: unknown
